This file contains any messages produced by compilers while
running configure, to aid debugging if configure makes a mistake.

It was created by libutap configure 0.94, which was
generated by GNU Autoconf 2.69.  Invocation command line was

  $ /home/anders/datalogi/7semester/project/P7-kode/tcp/build/libs/libutap-0.94/src/libutap/configure --prefix=/home/anders/datalogi/7semester/project/P7-kode/tcp/build

## --------- ##
## Platform. ##
## --------- ##

hostname = anders-Lenovo-Y50-70
uname -m = x86_64
uname -r = 5.0.0-31-generic
uname -s = Linux
uname -v = #33-Ubuntu SMP Mon Sep 30 18:51:59 UTC 2019

/usr/bin/uname -p = x86_64
/bin/uname -X     = unknown

/bin/arch              = x86_64
/usr/bin/arch -k       = unknown
/usr/convex/getsysinfo = unknown
/usr/bin/hostinfo      = unknown
/bin/machine           = unknown
/usr/bin/oslevel       = unknown
/bin/universe          = unknown

PATH: /home/anders/bin
PATH: /usr/local/sbin
PATH: /usr/local/bin
PATH: /usr/sbin
PATH: /usr/bin
PATH: /sbin
PATH: /bin
PATH: /usr/games
PATH: /usr/local/games
PATH: /snap/bin
PATH: /home/hadoop/hadoop-2.8.5/sbin
PATH: /home/hadoop/hadoop-2.8.5/bin


## ----------- ##
## Core tests. ##
## ----------- ##

configure:2442: checking for a BSD-compatible install
configure:2510: result: /usr/bin/install -c
configure:2521: checking whether build environment is sane
configure:2576: result: yes
configure:2725: checking for a thread-safe mkdir -p
configure:2764: result: /usr/bin/mkdir -p
configure:2771: checking for gawk
configure:2801: result: no
configure:2771: checking for mawk
configure:2787: found /usr/bin/mawk
configure:2798: result: mawk
configure:2809: checking whether make sets $(MAKE)
configure:2831: result: yes
configure:2860: checking whether make supports nested variables
configure:2877: result: yes
configure:2966: checking whether UID '1000' is supported by ustar format
configure:2969: result: yes
configure:2976: checking whether GID '1000' is supported by ustar format
configure:2979: result: yes
configure:2987: checking how to create a ustar tar archive
configure:2998: tar --version
tar (GNU tar) 1.30
Copyright (C) 2017 Free Software Foundation, Inc.
License GPLv3+: GNU GPL version 3 or later <https://gnu.org/licenses/gpl.html>.
This is free software: you are free to change and redistribute it.
There is NO WARRANTY, to the extent permitted by law.

Written by John Gilmore and Jay Fenlason.
configure:3001: $? = 0
configure:3041: tardir=conftest.dir && eval tar --format=ustar -chf - "$tardir" >conftest.tar
configure:3044: $? = 0
configure:3048: tar -xf - <conftest.tar
configure:3051: $? = 0
configure:3053: cat conftest.dir/file
GrepMe
configure:3056: $? = 0
configure:3069: result: gnutar
configure:3170: checking for gcc
configure:3186: found /usr/bin/gcc
configure:3197: result: gcc
configure:3426: checking for C compiler version
configure:3435: gcc --version >&5
gcc (Ubuntu 8.3.0-6ubuntu1) 8.3.0
Copyright (C) 2018 Free Software Foundation, Inc.
This is free software; see the source for copying conditions.  There is NO
warranty; not even for MERCHANTABILITY or FITNESS FOR A PARTICULAR PURPOSE.

configure:3446: $? = 0
configure:3435: gcc -v >&5
Using built-in specs.
COLLECT_GCC=gcc
COLLECT_LTO_WRAPPER=/usr/lib/gcc/x86_64-linux-gnu/8/lto-wrapper
OFFLOAD_TARGET_NAMES=nvptx-none
OFFLOAD_TARGET_DEFAULT=1
Target: x86_64-linux-gnu
Configured with: ../src/configure -v --with-pkgversion='Ubuntu 8.3.0-6ubuntu1' --with-bugurl=file:///usr/share/doc/gcc-8/README.Bugs --enable-languages=c,ada,c++,go,brig,d,fortran,objc,obj-c++ --prefix=/usr --with-gcc-major-version-only --program-suffix=-8 --program-prefix=x86_64-linux-gnu- --enable-shared --enable-linker-build-id --libexecdir=/usr/lib --without-included-gettext --enable-threads=posix --libdir=/usr/lib --enable-nls --enable-bootstrap --enable-clocale=gnu --enable-libstdcxx-debug --enable-libstdcxx-time=yes --with-default-libstdcxx-abi=new --enable-gnu-unique-object --disable-vtable-verify --enable-libmpx --enable-plugin --enable-default-pie --with-system-zlib --with-target-system-zlib --enable-objc-gc=auto --enable-multiarch --disable-werror --with-arch-32=i686 --with-abi=m64 --with-multilib-list=m32,m64,mx32 --enable-multilib --with-tune=generic --enable-offload-targets=nvptx-none --without-cuda-driver --enable-checking=release --build=x86_64-linux-gnu --host=x86_64-linux-gnu --target=x86_64-linux-gnu
Thread model: posix
gcc version 8.3.0 (Ubuntu 8.3.0-6ubuntu1) 
configure:3446: $? = 0
configure:3435: gcc -V >&5
gcc: error: unrecognized command line option '-V'
gcc: fatal error: no input files
compilation terminated.
configure:3446: $? = 1
configure:3435: gcc -qversion >&5
gcc: error: unrecognized command line option '-qversion'; did you mean '--version'?
gcc: fatal error: no input files
compilation terminated.
configure:3446: $? = 1
configure:3466: checking whether the C compiler works
configure:3488: gcc    conftest.c  >&5
configure:3492: $? = 0
configure:3540: result: yes
configure:3543: checking for C compiler default output file name
configure:3545: result: a.out
configure:3551: checking for suffix of executables
configure:3558: gcc -o conftest    conftest.c  >&5
configure:3562: $? = 0
configure:3584: result: 
configure:3606: checking whether we are cross compiling
configure:3614: gcc -o conftest    conftest.c  >&5
configure:3618: $? = 0
configure:3625: ./conftest
configure:3629: $? = 0
configure:3617: result: no
configure:3622: checking for suffix of object files
configure:3644: gcc -c   conftest.c >&5
configure:3648: $? = 0
configure:3669: result: o
configure:3673: checking whether we are using the GNU C compiler
configure:3692: gcc -c   conftest.c >&5
configure:3692: $? = 0
configure:3701: result: yes
configure:3710: checking whether gcc accepts -g
configure:3730: gcc -c -g  conftest.c >&5
configure:3730: $? = 0
configure:3771: result: yes
configure:3788: checking for gcc option to accept ISO C89
configure:3851: gcc  -c -g -O2  conftest.c >&5
configure:3851: $? = 0
configure:3864: result: none needed
configure:3889: checking whether gcc understands -c and -o together
configure:3911: gcc -c conftest.c -o conftest2.o
configure:3914: $? = 0
configure:3911: gcc -c conftest.c -o conftest2.o
configure:3914: $? = 0
configure:3926: result: yes
configure:3946: checking whether make supports the include directive
configure:3961: make -f confmf.GNU && cat confinc.out
make[4]: Entering directory '/home/anders/datalogi/7semester/project/P7-kode/tcp/build/libs/libutap-0.94/src/libutap-build'
make[4]: Leaving directory '/home/anders/datalogi/7semester/project/P7-kode/tcp/build/libs/libutap-0.94/src/libutap-build'
this is the am__doit target
configure:3964: $? = 0
configure:3983: result: yes (GNU style)
configure:4008: checking dependency style of gcc
configure:4119: result: gcc3
configure:4192: checking for g++
configure:4208: found /usr/bin/g++
configure:4219: result: g++
configure:4246: checking for C++ compiler version
configure:4255: g++ --version >&5
g++ (Ubuntu 8.3.0-6ubuntu1) 8.3.0
Copyright (C) 2018 Free Software Foundation, Inc.
This is free software; see the source for copying conditions.  There is NO
warranty; not even for MERCHANTABILITY or FITNESS FOR A PARTICULAR PURPOSE.

configure:4266: $? = 0
configure:4255: g++ -v >&5
Using built-in specs.
COLLECT_GCC=g++
COLLECT_LTO_WRAPPER=/usr/lib/gcc/x86_64-linux-gnu/8/lto-wrapper
OFFLOAD_TARGET_NAMES=nvptx-none
OFFLOAD_TARGET_DEFAULT=1
Target: x86_64-linux-gnu
Configured with: ../src/configure -v --with-pkgversion='Ubuntu 8.3.0-6ubuntu1' --with-bugurl=file:///usr/share/doc/gcc-8/README.Bugs --enable-languages=c,ada,c++,go,brig,d,fortran,objc,obj-c++ --prefix=/usr --with-gcc-major-version-only --program-suffix=-8 --program-prefix=x86_64-linux-gnu- --enable-shared --enable-linker-build-id --libexecdir=/usr/lib --without-included-gettext --enable-threads=posix --libdir=/usr/lib --enable-nls --enable-bootstrap --enable-clocale=gnu --enable-libstdcxx-debug --enable-libstdcxx-time=yes --with-default-libstdcxx-abi=new --enable-gnu-unique-object --disable-vtable-verify --enable-libmpx --enable-plugin --enable-default-pie --with-system-zlib --with-target-system-zlib --enable-objc-gc=auto --enable-multiarch --disable-werror --with-arch-32=i686 --with-abi=m64 --with-multilib-list=m32,m64,mx32 --enable-multilib --with-tune=generic --enable-offload-targets=nvptx-none --without-cuda-driver --enable-checking=release --build=x86_64-linux-gnu --host=x86_64-linux-gnu --target=x86_64-linux-gnu
Thread model: posix
gcc version 8.3.0 (Ubuntu 8.3.0-6ubuntu1) 
configure:4266: $? = 0
configure:4255: g++ -V >&5
g++: error: unrecognized command line option '-V'
g++: fatal error: no input files
compilation terminated.
configure:4266: $? = 1
configure:4255: g++ -qversion >&5
g++: error: unrecognized command line option '-qversion'; did you mean '--version'?
g++: fatal error: no input files
compilation terminated.
configure:4266: $? = 1
configure:4270: checking whether we are using the GNU C++ compiler
configure:4289: g++ -c   conftest.cpp >&5
configure:4289: $? = 0
configure:4298: result: yes
configure:4307: checking whether g++ accepts -g
configure:4327: g++ -c -g  conftest.cpp >&5
configure:4327: $? = 0
configure:4368: result: yes
configure:4393: checking dependency style of g++
configure:4504: result: gcc3
configure:4523: checking for bison
configure:4553: result: no
configure:4523: checking for byacc
configure:4553: result: no
configure:4605: checking for ranlib
configure:4621: found /usr/bin/ranlib
configure:4632: result: ranlib
configure:4659: checking for flex
configure:4689: result: no
configure:4659: checking for lex
configure:4689: result: no
configure:4817: checking for library containing strerror
configure:4848: gcc -o conftest -g -O2   conftest.c  >&5
configure:4848: $? = 0
configure:4865: result: none required
configure:4890: checking if documentation should be generated
configure:4908: result: no
configure:4933: checking how to run the C++ preprocessor
configure:4960: g++ -E  conftest.cpp
configure:4960: $? = 0
configure:4974: g++ -E  conftest.cpp
conftest.cpp:11:10: fatal error: ac_nonexistent.h: No such file or directory
 #include <ac_nonexistent.h>
          ^~~~~~~~~~~~~~~~~~
compilation terminated.
configure:4974: $? = 1
configure: failed program was:
| /* confdefs.h */
| #define PACKAGE_NAME "libutap"
| #define PACKAGE_TARNAME "libutap"
| #define PACKAGE_VERSION "0.94"
| #define PACKAGE_STRING "libutap 0.94"
| #define PACKAGE_BUGREPORT "marius@cs.aau.dk"
| #define PACKAGE_URL "http://people.cs.aau.dk/~marius/utap/"
| #define PACKAGE "libutap"
| #define VERSION "0.94"
| /* end confdefs.h.  */
| #include <ac_nonexistent.h>
configure:4999: result: g++ -E
configure:5019: g++ -E  conftest.cpp
configure:5019: $? = 0
configure:5033: g++ -E  conftest.cpp
conftest.cpp:11:10: fatal error: ac_nonexistent.h: No such file or directory
 #include <ac_nonexistent.h>
          ^~~~~~~~~~~~~~~~~~
compilation terminated.
configure:5033: $? = 1
configure: failed program was:
| /* confdefs.h */
| #define PACKAGE_NAME "libutap"
| #define PACKAGE_TARNAME "libutap"
| #define PACKAGE_VERSION "0.94"
| #define PACKAGE_STRING "libutap 0.94"
| #define PACKAGE_BUGREPORT "marius@cs.aau.dk"
| #define PACKAGE_URL "http://people.cs.aau.dk/~marius/utap/"
| #define PACKAGE "libutap"
| #define VERSION "0.94"
| /* end confdefs.h.  */
| #include <ac_nonexistent.h>
configure:5062: checking for grep that handles long lines and -e
configure:5120: result: /usr/bin/grep
configure:5125: checking for egrep
configure:5187: result: /usr/bin/grep -E
configure:5192: checking for ANSI C header files
configure:5212: g++ -c -g -O2  conftest.cpp >&5
configure:5212: $? = 0
configure:5285: g++ -o conftest -g -O2   conftest.cpp  >&5
configure:5285: $? = 0
configure:5285: ./conftest
configure:5285: $? = 0
configure:5296: result: yes
configure:5309: checking for sys/types.h
configure:5309: g++ -c -g -O2  conftest.cpp >&5
configure:5309: $? = 0
configure:5309: result: yes
configure:5309: checking for sys/stat.h
configure:5309: g++ -c -g -O2  conftest.cpp >&5
configure:5309: $? = 0
configure:5309: result: yes
configure:5309: checking for stdlib.h
configure:5309: g++ -c -g -O2  conftest.cpp >&5
configure:5309: $? = 0
configure:5309: result: yes
configure:5309: checking for string.h
configure:5309: g++ -c -g -O2  conftest.cpp >&5
configure:5309: $? = 0
configure:5309: result: yes
configure:5309: checking for memory.h
configure:5309: g++ -c -g -O2  conftest.cpp >&5
configure:5309: $? = 0
configure:5309: result: yes
configure:5309: checking for strings.h
configure:5309: g++ -c -g -O2  conftest.cpp >&5
configure:5309: $? = 0
configure:5309: result: yes
configure:5309: checking for inttypes.h
configure:5309: g++ -c -g -O2  conftest.cpp >&5
configure:5309: $? = 0
configure:5309: result: yes
configure:5309: checking for stdint.h
configure:5309: g++ -c -g -O2  conftest.cpp >&5
configure:5309: $? = 0
configure:5309: result: yes
configure:5309: checking for unistd.h
configure:5309: g++ -c -g -O2  conftest.cpp >&5
configure:5309: $? = 0
configure:5309: result: yes
configure:5324: checking for string.h
configure:5324: result: yes
configure:5324: checking fcntl.h usability
configure:5324: g++ -c -g -O2  conftest.cpp >&5
configure:5324: $? = 0
configure:5324: result: yes
configure:5324: checking fcntl.h presence
configure:5324: g++ -E  conftest.cpp
configure:5324: $? = 0
configure:5324: result: yes
configure:5324: checking for fcntl.h
configure:5324: result: yes
configure:5324: checking sys/file.h usability
configure:5324: g++ -c -g -O2  conftest.cpp >&5
configure:5324: $? = 0
configure:5324: result: yes
configure:5324: checking sys/file.h presence
configure:5324: g++ -E  conftest.cpp
configure:5324: $? = 0
configure:5324: result: yes
configure:5324: checking for sys/file.h
configure:5324: result: yes
configure:5324: checking sys/param.h usability
configure:5324: g++ -c -g -O2  conftest.cpp >&5
configure:5324: $? = 0
configure:5324: result: yes
configure:5324: checking sys/param.h presence
configure:5324: g++ -E  conftest.cpp
configure:5324: $? = 0
configure:5324: result: yes
configure:5324: checking for sys/param.h
configure:5324: result: yes
configure:5338: checking boost/bind.hpp usability
configure:5338: g++ -c -g -O2  conftest.cpp >&5
conftest.cpp:58:10: fatal error: boost/bind.hpp: No such file or directory
 #include <boost/bind.hpp>
          ^~~~~~~~~~~~~~~~
compilation terminated.
configure:5338: $? = 1
configure: failed program was:
| /* confdefs.h */
| #define PACKAGE_NAME "libutap"
| #define PACKAGE_TARNAME "libutap"
| #define PACKAGE_VERSION "0.94"
| #define PACKAGE_STRING "libutap 0.94"
| #define PACKAGE_BUGREPORT "marius@cs.aau.dk"
| #define PACKAGE_URL "http://people.cs.aau.dk/~marius/utap/"
| #define PACKAGE "libutap"
| #define VERSION "0.94"
| #define STDC_HEADERS 1
| #define HAVE_SYS_TYPES_H 1
| #define HAVE_SYS_STAT_H 1
| #define HAVE_STDLIB_H 1
| #define HAVE_STRING_H 1
| #define HAVE_MEMORY_H 1
| #define HAVE_STRINGS_H 1
| #define HAVE_INTTYPES_H 1
| #define HAVE_STDINT_H 1
| #define HAVE_UNISTD_H 1
| #define HAVE_STRING_H 1
| #define HAVE_FCNTL_H 1
| #define HAVE_SYS_FILE_H 1
| #define HAVE_SYS_PARAM_H 1
| /* end confdefs.h.  */
| #include <stdio.h>
| #ifdef HAVE_SYS_TYPES_H
| # include <sys/types.h>
| #endif
| #ifdef HAVE_SYS_STAT_H
| # include <sys/stat.h>
| #endif
| #ifdef STDC_HEADERS
| # include <stdlib.h>
| # include <stddef.h>
| #else
| # ifdef HAVE_STDLIB_H
| #  include <stdlib.h>
| # endif
| #endif
| #ifdef HAVE_STRING_H
| # if !defined STDC_HEADERS && defined HAVE_MEMORY_H
| #  include <memory.h>
| # endif
| # include <string.h>
| #endif
| #ifdef HAVE_STRINGS_H
| # include <strings.h>
| #endif
| #ifdef HAVE_INTTYPES_H
| # include <inttypes.h>
| #endif
| #ifdef HAVE_STDINT_H
| # include <stdint.h>
| #endif
| #ifdef HAVE_UNISTD_H
| # include <unistd.h>
| #endif
| #include <boost/bind.hpp>
configure:5338: result: no
configure:5338: checking boost/bind.hpp presence
configure:5338: g++ -E  conftest.cpp
conftest.cpp:25:10: fatal error: boost/bind.hpp: No such file or directory
 #include <boost/bind.hpp>
          ^~~~~~~~~~~~~~~~
compilation terminated.
configure:5338: $? = 1
configure: failed program was:
| /* confdefs.h */
| #define PACKAGE_NAME "libutap"
| #define PACKAGE_TARNAME "libutap"
| #define PACKAGE_VERSION "0.94"
| #define PACKAGE_STRING "libutap 0.94"
| #define PACKAGE_BUGREPORT "marius@cs.aau.dk"
| #define PACKAGE_URL "http://people.cs.aau.dk/~marius/utap/"
| #define PACKAGE "libutap"
| #define VERSION "0.94"
| #define STDC_HEADERS 1
| #define HAVE_SYS_TYPES_H 1
| #define HAVE_SYS_STAT_H 1
| #define HAVE_STDLIB_H 1
| #define HAVE_STRING_H 1
| #define HAVE_MEMORY_H 1
| #define HAVE_STRINGS_H 1
| #define HAVE_INTTYPES_H 1
| #define HAVE_STDINT_H 1
| #define HAVE_UNISTD_H 1
| #define HAVE_STRING_H 1
| #define HAVE_FCNTL_H 1
| #define HAVE_SYS_FILE_H 1
| #define HAVE_SYS_PARAM_H 1
| /* end confdefs.h.  */
| #include <boost/bind.hpp>
configure:5338: result: no
configure:5338: checking for boost/bind.hpp
configure:5338: result: no
configure:5345: error: "boost header files not found"

## ---------------- ##
## Cache variables. ##
## ---------------- ##

ac_cv_c_compiler_gnu=yes
ac_cv_cxx_compiler_gnu=yes
ac_cv_env_CCC_set=
ac_cv_env_CCC_value=
ac_cv_env_CC_set=
ac_cv_env_CC_value=
ac_cv_env_CFLAGS_set=
ac_cv_env_CFLAGS_value=
ac_cv_env_CPPFLAGS_set=
ac_cv_env_CPPFLAGS_value=
ac_cv_env_CXXCPP_set=
ac_cv_env_CXXCPP_value=
ac_cv_env_CXXFLAGS_set=
ac_cv_env_CXXFLAGS_value=
ac_cv_env_CXX_set=
ac_cv_env_CXX_value=
ac_cv_env_LDFLAGS_set=
ac_cv_env_LDFLAGS_value=
ac_cv_env_LIBS_set=
ac_cv_env_LIBS_value=
ac_cv_env_YACC_set=
ac_cv_env_YACC_value=
ac_cv_env_YFLAGS_set=
ac_cv_env_YFLAGS_value=
ac_cv_env_build_alias_set=
ac_cv_env_build_alias_value=
ac_cv_env_host_alias_set=
ac_cv_env_host_alias_value=
ac_cv_env_target_alias_set=
ac_cv_env_target_alias_value=
ac_cv_header_boost_bind_hpp=no
ac_cv_header_fcntl_h=yes
ac_cv_header_inttypes_h=yes
ac_cv_header_memory_h=yes
ac_cv_header_stdc=yes
ac_cv_header_stdint_h=yes
ac_cv_header_stdlib_h=yes
ac_cv_header_string_h=yes
ac_cv_header_strings_h=yes
ac_cv_header_sys_file_h=yes
ac_cv_header_sys_param_h=yes
ac_cv_header_sys_stat_h=yes
ac_cv_header_sys_types_h=yes
ac_cv_header_unistd_h=yes
ac_cv_objext=o
ac_cv_path_EGREP='/usr/bin/grep -E'
ac_cv_path_GREP=/usr/bin/grep
ac_cv_path_install='/usr/bin/install -c'
ac_cv_path_mkdir=/usr/bin/mkdir
ac_cv_prog_AWK=mawk
ac_cv_prog_CXXCPP='g++ -E'
ac_cv_prog_ac_ct_CC=gcc
ac_cv_prog_ac_ct_CXX=g++
ac_cv_prog_ac_ct_RANLIB=ranlib
ac_cv_prog_cc_c89=
ac_cv_prog_cc_g=yes
ac_cv_prog_cxx_g=yes
ac_cv_prog_make_make_set=yes
ac_cv_search_strerror='none required'
am_cv_CC_dependencies_compiler_type=gcc3
am_cv_CXX_dependencies_compiler_type=gcc3
am_cv_make_support_nested_variables=yes
am_cv_prog_cc_c_o=yes
am_cv_prog_tar_ustar=gnutar

## ----------------- ##
## Output variables. ##
## ----------------- ##

ACLOCAL='${SHELL} /home/anders/datalogi/7semester/project/P7-kode/tcp/build/libs/libutap-0.94/src/libutap/missing aclocal-1.16'
ALLOCA=''
AMDEPBACKSLASH='\'
AMDEP_FALSE='#'
AMDEP_TRUE=''
AMTAR='$${TAR-tar}'
AM_BACKSLASH='\'
AM_DEFAULT_V='$(AM_DEFAULT_VERBOSITY)'
AM_DEFAULT_VERBOSITY='1'
AM_V='$(V)'
AUTOCONF='${SHELL} /home/anders/datalogi/7semester/project/P7-kode/tcp/build/libs/libutap-0.94/src/libutap/missing autoconf'
AUTOHEADER='${SHELL} /home/anders/datalogi/7semester/project/P7-kode/tcp/build/libs/libutap-0.94/src/libutap/missing autoheader'
AUTOMAKE='${SHELL} /home/anders/datalogi/7semester/project/P7-kode/tcp/build/libs/libutap-0.94/src/libutap/missing automake-1.16'
AWK='mawk'
CC='gcc'
CCDEPMODE='depmode=gcc3'
CFLAGS='-g -O2'
CPPFLAGS=''
CXX='g++'
CXXCPP='g++ -E'
CXXDEPMODE='depmode=gcc3'
CXXFLAGS='-g -O2'
CYGPATH_W='echo'
DEFS=''
DEPDIR='.deps'
DOXYGEN=''
ECHO_C=''
ECHO_N='-n'
ECHO_T=''
EGREP='/usr/bin/grep -E'
EXEEXT=''
GPERF='${SHELL} /home/anders/datalogi/7semester/project/P7-kode/tcp/build/libs/libutap-0.94/src/libutap/missing gperf'
GREP='/usr/bin/grep'
INDEX=''
INSTALL_DATA='${INSTALL} -m 644'
INSTALL_PROGRAM='${INSTALL}'
INSTALL_SCRIPT='${INSTALL}'
INSTALL_STRIP_PROGRAM='$(install_sh) -c -s'
LDFLAGS=''
LEX='${SHELL} /home/anders/datalogi/7semester/project/P7-kode/tcp/build/libs/libutap-0.94/src/libutap/missing flex'
LEXLIB=''
LEX_OUTPUT_ROOT=''
LIBOBJS=''
LIBS=''
LTLIBOBJS=''
MAKEINFO='${SHELL} /home/anders/datalogi/7semester/project/P7-kode/tcp/build/libs/libutap-0.94/src/libutap/missing makeinfo'
MKDIR_P='/usr/bin/mkdir -p'
OBJEXT='o'
PACKAGE='libutap'
PACKAGE_BUGREPORT='marius@cs.aau.dk'
PACKAGE_NAME='libutap'
PACKAGE_STRING='libutap 0.94'
PACKAGE_TARNAME='libutap'
PACKAGE_URL='http://people.cs.aau.dk/~marius/utap/'
PACKAGE_VERSION='0.94'
PATH_SEPARATOR=':'
RANLIB='ranlib'
SET_MAKE=''
SHELL='/bin/bash'
STRIP=''
VERSION='0.94'
XML_CFLAGS=''
XML_CONFIG=''
XML_LIBS=''
YACC='yacc'
YFLAGS=''
ac_ct_CC='gcc'
ac_ct_CXX='g++'
am__EXEEXT_FALSE=''
am__EXEEXT_TRUE=''
am__fastdepCC_FALSE='#'
am__fastdepCC_TRUE=''
am__fastdepCXX_FALSE='#'
am__fastdepCXX_TRUE=''
am__include='include'
am__isrc=' -I$(srcdir)'
am__leading_dot='.'
am__nodep='_no'
am__quote=''
am__tar='tar --format=ustar -chf - "$$tardir"'
am__untar='tar -xf -'
bindir='${exec_prefix}/bin'
build_alias=''
datadir='${datarootdir}'
datarootdir='${prefix}/share'
docdir='${datarootdir}/doc/${PACKAGE_TARNAME}'
dvidir='${docdir}'
exec_prefix='NONE'
host_alias=''
htmldir='${docdir}'
includedir='${prefix}/include'
infodir='${datarootdir}/info'
install_sh='${SHELL} /home/anders/datalogi/7semester/project/P7-kode/tcp/build/libs/libutap-0.94/src/libutap/install-sh'
libdir='${exec_prefix}/lib'
libexecdir='${exec_prefix}/libexec'
localedir='${datarootdir}/locale'
localstatedir='${prefix}/var'
mandir='${datarootdir}/man'
mkdir_p='$(MKDIR_P)'
oldincludedir='/usr/include'
pdfdir='${docdir}'
prefix='/home/anders/datalogi/7semester/project/P7-kode/tcp/build'
program_transform_name='s,x,x,'
psdir='${docdir}'
runstatedir='${localstatedir}/run'
sbindir='${exec_prefix}/sbin'
sharedstatedir='${prefix}/com'
sysconfdir='${prefix}/etc'
target_alias=''

## ----------- ##
## confdefs.h. ##
## ----------- ##

/* confdefs.h */
#define PACKAGE_NAME "libutap"
#define PACKAGE_TARNAME "libutap"
#define PACKAGE_VERSION "0.94"
#define PACKAGE_STRING "libutap 0.94"
#define PACKAGE_BUGREPORT "marius@cs.aau.dk"
#define PACKAGE_URL "http://people.cs.aau.dk/~marius/utap/"
#define PACKAGE "libutap"
#define VERSION "0.94"
#define STDC_HEADERS 1
#define HAVE_SYS_TYPES_H 1
#define HAVE_SYS_STAT_H 1
#define HAVE_STDLIB_H 1
#define HAVE_STRING_H 1
#define HAVE_MEMORY_H 1
#define HAVE_STRINGS_H 1
#define HAVE_INTTYPES_H 1
#define HAVE_STDINT_H 1
#define HAVE_UNISTD_H 1
#define HAVE_STRING_H 1
#define HAVE_FCNTL_H 1
#define HAVE_SYS_FILE_H 1
#define HAVE_SYS_PARAM_H 1

configure: exit 1
